[2025-07-23T10:16:48.509Z] WARN: POST /api/auth/login - 400 | {"method":"POST","url":"/api/auth/login","ip":"::1","statusCode":400,"responseTime":"5ms"}
[2025-07-23T10:16:49.100Z] WARN: AUTH login for admin: FAILED | {"ip":"::1"}
[2025-07-23T10:16:49.102Z] WARN: POST /api/auth/login - 401 | {"method":"POST","url":"/api/auth/login","ip":"::1","statusCode":401,"responseTime":"81ms"}
[2025-07-23T10:16:49.621Z] WARN: SQL injection attempt detected | {"ip":"::1","url":"/api/auth/login","body":{"username":"admin'; DROP TABLE users; --","password":"admin123"},"query":{}}
[2025-07-23T10:16:49.622Z] ERROR: Error in POST /api/auth/login | {"error":"Potentially dangerous input detected in field: username","stack":"ValidationError: Potentially dangerous input detected in field: username\n    at checkObject (C:\\Users\\Administrator\\Documents\\ViettelIDC\\api\\middleware\\security.js:75:23)\n    at preventSQLInjection (C:\\Users\\Administrator\\Documents\\ViettelIDC\\api\\middleware\\security.js:84:23)\n    at Layer.handle [as handle_request] (C:\\Users\\Administrator\\Documents\\ViettelIDC\\api\\node_modules\\express\\lib\\router\\layer.js:95:5)\n    at trim_prefix (C:\\Users\\Administrator\\Documents\\ViettelIDC\\api\\node_modules\\express\\lib\\router\\index.js:328:13)\n    at C:\\Users\\Administrator\\Documents\\ViettelIDC\\api\\node_modules\\express\\lib\\router\\index.js:286:9\n    at Function.process_params (C:\\Users\\Administrator\\Documents\\ViettelIDC\\api\\node_modules\\express\\lib\\router\\index.js:346:12)\n    at next (C:\\Users\\Administrator\\Documents\\ViettelIDC\\api\\node_modules\\express\\lib\\router\\index.js:280:10)\n    at sanitizeInput (C:\\Users\\Administrator\\Documents\\ViettelIDC\\api\\middleware\\security.js:24:5)\n    at Layer.handle [as handle_request] (C:\\Users\\Administrator\\Documents\\ViettelIDC\\api\\node_modules\\express\\lib\\router\\layer.js:95:5)\n    at trim_prefix (C:\\Users\\Administrator\\Documents\\ViettelIDC\\api\\node_modules\\express\\lib\\router\\index.js:328:13)","body":{"username":"admin'; DROP TABLE users; --","password":"admin123"},"params":{},"query":{}}
[2025-07-23T10:16:50.142Z] WARN: POST /api/auth/login - 400 | {"method":"POST","url":"/api/auth/login","ip":"::1","statusCode":400,"responseTime":"2ms"}
[2025-07-23T10:16:51.171Z] WARN: GET /api/nonexistent - 404 | {"method":"GET","url":"/api/nonexistent","ip":"::1","statusCode":404,"responseTime":"2ms"}
[2025-07-23T10:20:16.467Z] WARN: POST /api/auth/login - 400 | {"method":"POST","url":"/api/auth/login","ip":"::1","statusCode":400,"responseTime":"3ms"}
[2025-07-23T10:20:17.056Z] WARN: AUTH login for admin: FAILED | {"ip":"::1"}
[2025-07-23T10:20:17.058Z] WARN: POST /api/auth/login - 401 | {"method":"POST","url":"/api/auth/login","ip":"::1","statusCode":401,"responseTime":"80ms"}
[2025-07-23T10:20:17.570Z] WARN: SQL injection attempt detected | {"ip":"::1","url":"/api/auth/login","body":{"username":"admin'; DROP TABLE users; --","password":"admin123"},"query":{}}
[2025-07-23T10:20:17.572Z] ERROR: Error in POST /api/auth/login | {"error":"Potentially dangerous input detected in field: username","stack":"ValidationError: Potentially dangerous input detected in field: username\n    at checkObject (C:\\Users\\Administrator\\Documents\\ViettelIDC\\api\\middleware\\security.js:75:23)\n    at preventSQLInjection (C:\\Users\\Administrator\\Documents\\ViettelIDC\\api\\middleware\\security.js:84:23)\n    at Layer.handle [as handle_request] (C:\\Users\\Administrator\\Documents\\ViettelIDC\\api\\node_modules\\express\\lib\\router\\layer.js:95:5)\n    at trim_prefix (C:\\Users\\Administrator\\Documents\\ViettelIDC\\api\\node_modules\\express\\lib\\router\\index.js:328:13)\n    at C:\\Users\\Administrator\\Documents\\ViettelIDC\\api\\node_modules\\express\\lib\\router\\index.js:286:9\n    at Function.process_params (C:\\Users\\Administrator\\Documents\\ViettelIDC\\api\\node_modules\\express\\lib\\router\\index.js:346:12)\n    at next (C:\\Users\\Administrator\\Documents\\ViettelIDC\\api\\node_modules\\express\\lib\\router\\index.js:280:10)\n    at sanitizeInput (C:\\Users\\Administrator\\Documents\\ViettelIDC\\api\\middleware\\security.js:24:5)\n    at Layer.handle [as handle_request] (C:\\Users\\Administrator\\Documents\\ViettelIDC\\api\\node_modules\\express\\lib\\router\\layer.js:95:5)\n    at trim_prefix (C:\\Users\\Administrator\\Documents\\ViettelIDC\\api\\node_modules\\express\\lib\\router\\index.js:328:13)","body":{"username":"admin'; DROP TABLE users; --","password":"admin123"},"params":{},"query":{}}
[2025-07-23T10:20:18.092Z] WARN: POST /api/auth/login - 400 | {"method":"POST","url":"/api/auth/login","ip":"::1","statusCode":400,"responseTime":"1ms"}
[2025-07-23T10:20:19.119Z] WARN: GET /api/nonexistent - 404 | {"method":"GET","url":"/api/nonexistent","ip":"::1","statusCode":404,"responseTime":"2ms"}
[2025-07-24T03:51:57.316Z] WARN: POST /api/login - 404 | {"method":"POST","url":"/api/login","ip":"::ffff:172.18.0.1","userAgent":"axios/1.10.0","statusCode":404,"responseTime":"7ms"}
[2025-07-24T04:12:02.677Z] WARN: GET /api/tasks - 500 | {"method":"GET","url":"/api/tasks","ip":"::ffff:172.18.0.1","userAgent":"axios/1.10.0","statusCode":500,"responseTime":"10ms"}
[2025-07-24T04:56:48.692Z] ERROR: Test error message via logger.logger
[2025-07-24T04:57:57.131Z] ERROR: Error in createTask: | {"message":"Duplicate entry 'DIRECT-TEST-001' for key 'tasks.task_code'","code":"ER_DUP_ENTRY","errno":1062,"sql":"\n                INSERT INTO tasks (\n                    task_code, parent_task_id, task_level, title, description,\n                    category_id, assigned_to, created_by, updated_by, team_id,\n                    progress_percentage, status, planned_start_date, planned_end_date,\n                    priority, notes\n                ) VALUES (?, ?, ?, ?, ?, ?, ?, ?, ?, ?, ?, ?, ?, ?, ?, ?)\n            ","sqlState":"23000","sqlMessage":"Duplicate entry 'DIRECT-TEST-001' for key 'tasks.task_code'"}
[2025-07-24T04:58:27.792Z] ERROR: Error in createTask: | {"message":"Duplicate entry 'DEBUG-001' for key 'tasks.task_code'","code":"ER_DUP_ENTRY","errno":1062,"sql":"\n                INSERT INTO tasks (\n                    task_code, parent_task_id, task_level, title, description,\n                    category_id, assigned_to, created_by, updated_by, team_id,\n                    progress_percentage, status, planned_start_date, planned_end_date,\n                    priority, notes\n                ) VALUES (?, ?, ?, ?, ?, ?, ?, ?, ?, ?, ?, ?, ?, ?, ?, ?)\n            ","sqlState":"23000","sqlMessage":"Duplicate entry 'DEBUG-001' for key 'tasks.task_code'"}
[2025-07-24T05:00:03.470Z] ERROR: Error in createTask: | {"message":"Duplicate entry 'DEBUG-001' for key 'tasks.task_code'","code":"ER_DUP_ENTRY","errno":1062,"sql":"\n                INSERT INTO tasks (\n                    task_code, parent_task_id, task_level, title, description,\n                    category_id, assigned_to, created_by, updated_by, team_id,\n                    progress_percentage, status, planned_start_date, planned_end_date,\n                    priority, notes\n                ) VALUES (?, ?, ?, ?, ?, ?, ?, ?, ?, ?, ?, ?, ?, ?, ?, ?)\n            ","sqlState":"23000","sqlMessage":"Duplicate entry 'DEBUG-001' for key 'tasks.task_code'"}
[2025-07-24T05:00:03.477Z] ERROR: Error creating task: | {"message":"Duplicate entry 'DEBUG-001' for key 'tasks.task_code'","code":"ER_DUP_ENTRY","errno":1062,"sql":"\n                INSERT INTO tasks (\n                    task_code, parent_task_id, task_level, title, description,\n                    category_id, assigned_to, created_by, updated_by, team_id,\n                    progress_percentage, status, planned_start_date, planned_end_date,\n                    priority, notes\n                ) VALUES (?, ?, ?, ?, ?, ?, ?, ?, ?, ?, ?, ?, ?, ?, ?, ?)\n            ","sqlState":"23000","sqlMessage":"Duplicate entry 'DEBUG-001' for key 'tasks.task_code'"}
[2025-07-24T05:00:03.482Z] WARN: POST /api/tasks - 400 | {"method":"POST","url":"/api/tasks","ip":"::ffff:172.18.0.1","userAgent":"axios/1.10.0","statusCode":400,"responseTime":"31ms"}
[2025-07-24T05:00:29.127Z] ERROR: Error in createTask: | {}
[2025-07-24T05:00:29.134Z] ERROR: Error creating task: | {}
[2025-07-24T05:00:29.141Z] WARN: POST /api/tasks - 500 | {"method":"POST","url":"/api/tasks","ip":"::ffff:172.18.0.1","userAgent":"axios/1.10.0","statusCode":500,"responseTime":"29ms"}
[2025-07-24T05:01:09.380Z] ERROR: Error in createTask: | {}
[2025-07-24T05:01:09.388Z] ERROR: Error creating task: | {}
[2025-07-24T05:01:09.397Z] WARN: POST /api/tasks - 500 | {"method":"POST","url":"/api/tasks","ip":"::ffff:172.18.0.1","userAgent":"axios/1.10.0","statusCode":500,"responseTime":"30ms"}
[2025-07-24T05:01:52.546Z] ERROR: Error in createTask: | {}
[2025-07-24T05:01:52.555Z] ERROR: Error creating task: | {}
[2025-07-24T05:01:52.562Z] WARN: POST /api/tasks - 500 | {"method":"POST","url":"/api/tasks","ip":"::ffff:172.18.0.1","userAgent":"axios/1.10.0","statusCode":500,"responseTime":"28ms"}
[2025-07-24T05:04:52.205Z] ERROR: Error creating task: | {}
[2025-07-24T05:04:52.213Z] WARN: POST /api/tasks - 500 | {"method":"POST","url":"/api/tasks","ip":"::ffff:172.18.0.1","userAgent":"axios/1.10.0","statusCode":500,"responseTime":"51ms"}
[2025-07-24T05:05:44.810Z] ERROR: Error creating task: | {}
[2025-07-24T05:05:44.821Z] ERROR: Error message: | "Cannot read properties of null (reading 'task_code')"
[2025-07-24T05:05:44.828Z] ERROR: Error stack: | "TypeError: Cannot read properties of null (reading 'task_code')\n    at createTask (/app/controllers/taskController.js:88:54)\n    at process.processTicksAndRejections (node:internal/process/task_queues:95:5)"
[2025-07-24T05:06:08.217Z] ERROR: Error creating task: | {}
[2025-07-24T05:06:08.225Z] ERROR: Error message: | "Cannot read properties of null (reading 'task_code')"
[2025-07-24T05:06:08.232Z] ERROR: Error stack: | "TypeError: Cannot read properties of null (reading 'task_code')\n    at createTask (/app/controllers/taskController.js:88:54)\n    at process.processTicksAndRejections (node:internal/process/task_queues:95:5)"
